<?xml version="1.0" encoding="UTF-8"?>
<testsuite xmlns:xsi="http://www.w3.org/2001/XMLSchema-instance" xsi:noNamespaceSchemaLocation="https://maven.apache.org/surefire/maven-surefire-plugin/xsd/surefire-test-report-3.0.xsd" version="3.0" name="com.orderapp.OrderappApplicationTests" time="3.349" tests="1" errors="0" skipped="0" failures="0">
  <properties>
[...]
</properties>
  <testcase name="contextLoads" classname="com.orderapp.OrderappApplicationTests" time="0.634">
    <system-out><![CDATA[15:54:00.132 [main] INFO org.springframework.test.context.support.AnnotationConfigContextLoaderUtils -- Could not detect default configuration classes for test class [com.orderapp.OrderappApplicationTests]: OrderappApplicationTests does not declare any static, non-private, non-final, nested classes annotated with @Configuration.
15:54:00.216 [main] INFO org.springframework.boot.test.context.SpringBootTestContextBootstrapper -- Found @SpringBootConfiguration com.orderapp.OrderappApplication for test class com.orderapp.OrderappApplicationTests

  .   ____          _            __ _ _
 /\\ / ___'_ __ _ _(_)_ __  __ _ \ \ \ \
( ( )\___ | '_ | '_| | '_ \/ _` | \ \ \ \
 \\/  ___)| |_)| | | | | || (_| |  ) ) ) )
  '  |____| .__|_| |_|_| |_\__, | / / / /
 =========|_|==============|___/=/_/_/_/

 :: Spring Boot ::                (v3.3.8)

2025-02-14T15:54:00.576+05:30  INFO 43644 --- [orderapp] [           main] com.orderapp.OrderappApplicationTests    : Starting OrderappApplicationTests using Java 21.0.5 with PID 43644 (started by rashid.tahasildar in C:\Users\rashid.tahasildar\Desktop\rgupta-new\Korber_java_backend_25_code\lab_assignment_getting_started_code\lab_exam_k8s\orderapp)
2025-02-14T15:54:00.577+05:30  INFO 43644 --- [orderapp] [           main] com.orderapp.OrderappApplicationTests    : No active profile set, falling back to 1 default profile: "default"
2025-02-14T15:54:02.405+05:30  INFO 43644 --- [orderapp] [           main] o.s.b.a.e.web.EndpointLinksResolver      : Exposing 14 endpoints beneath base path '/actuator'
2025-02-14T15:54:02.496+05:30  INFO 43644 --- [orderapp] [           main] com.orderapp.OrderappApplicationTests    : Started OrderappApplicationTests in 2.168 seconds (process running for 2.963)
]]></system-out>
    <system-err><![CDATA[WARNING: A Java agent has been loaded dynamically (C:\Users\rashid.tahasildar\.m2\repository\net\bytebuddy\byte-buddy-agent\1.14.19\byte-buddy-agent-1.14.19.jar)
WARNING: If a serviceability tool is in use, please run with -XX:+EnableDynamicAgentLoading to hide this warning
WARNING: If a serviceability tool is not in use, please run with -Djdk.instrument.traceUsage for more information
WARNING: Dynamic loading of agents will be disallowed by default in a future release
]]></system-err>
  </testcase>
</testsuite>